D:\BON\VISUAL STUDIO 2012\PROJECTS\ML_FINAL_V1_1\ML_FINAL\DEBUG\FEATURE.OBJ
D:\BON\VISUAL STUDIO 2012\PROJECTS\ML_FINAL_V1_1\ML_FINAL\DEBUG\LBP.OBJ
D:\BON\VISUAL STUDIO 2012\PROJECTS\ML_FINAL_V1_1\ML_FINAL\DEBUG\SOURCE.OBJ
D:\BON\VISUAL STUDIO 2012\PROJECTS\ML_FINAL_V1_1\ML_FINAL\DEBUG\TOOL.OBJ
D:\BON\VISUAL STUDIO 2012\PROJECTS\ML_FINAL_V1_1\ML_FINAL\DEBUG\VC110.PDB
D:\BON\VISUAL STUDIO 2012\PROJECTS\ML_FINAL_V1_1\ML_FINAL\DEBUG\YOKOI.OBJ
D:\BON\VISUAL STUDIO 2012\PROJECTS\ML_FINAL_V1_1\DEBUG\ML_FINAL.ILK
D:\BON\VISUAL STUDIO 2012\PROJECTS\ML_FINAL_V1_1\DEBUG\ML_FINAL.EXE
D:\BON\VISUAL STUDIO 2012\PROJECTS\ML_FINAL_V1_1\DEBUG\ML_FINAL.PDB
D:\Bon\Visual Studio 2012\Projects\ML_final_v1_1\ML_final\Debug\lbp.obj
D:\Bon\Visual Studio 2012\Projects\ML_final_v1_1\ML_final\Debug\Source.obj
D:\Bon\Visual Studio 2012\Projects\ML_final_v1_1\ML_final\Debug\tool.obj
D:\Bon\Visual Studio 2012\Projects\ML_final_v1_1\ML_final\Debug\yokoi.obj
D:\Bon\Visual Studio 2012\Projects\ML_final_v1_1\ML_final\Debug\cl.command.1.tlog
D:\Bon\Visual Studio 2012\Projects\ML_final_v1_1\ML_final\Debug\CL.read.1.tlog
D:\Bon\Visual Studio 2012\Projects\ML_final_v1_1\ML_final\Debug\CL.write.1.tlog
D:\Bon\Visual Studio 2012\Projects\ML_final_v1_1\ML_final\Debug\link-cvtres.read.1.tlog
D:\Bon\Visual Studio 2012\Projects\ML_final_v1_1\ML_final\Debug\link-cvtres.write.1.tlog
D:\Bon\Visual Studio 2012\Projects\ML_final_v1_1\ML_final\Debug\link-rc.read.1.tlog
D:\Bon\Visual Studio 2012\Projects\ML_final_v1_1\ML_final\Debug\link-rc.write.1.tlog
D:\Bon\Visual Studio 2012\Projects\ML_final_v1_1\ML_final\Debug\link.10392-cvtres.read.1.tlog
D:\Bon\Visual Studio 2012\Projects\ML_final_v1_1\ML_final\Debug\link.10392-cvtres.write.1.tlog
D:\Bon\Visual Studio 2012\Projects\ML_final_v1_1\ML_final\Debug\link.10392-rc.read.1.tlog
D:\Bon\Visual Studio 2012\Projects\ML_final_v1_1\ML_final\Debug\link.10392-rc.write.1.tlog
D:\Bon\Visual Studio 2012\Projects\ML_final_v1_1\ML_final\Debug\link.10392.read.1.tlog
D:\Bon\Visual Studio 2012\Projects\ML_final_v1_1\ML_final\Debug\link.10392.write.1.tlog
D:\Bon\Visual Studio 2012\Projects\ML_final_v1_1\ML_final\Debug\link.11556-cvtres.read.1.tlog
D:\Bon\Visual Studio 2012\Projects\ML_final_v1_1\ML_final\Debug\link.11556-cvtres.write.1.tlog
D:\Bon\Visual Studio 2012\Projects\ML_final_v1_1\ML_final\Debug\link.11556-rc.read.1.tlog
D:\Bon\Visual Studio 2012\Projects\ML_final_v1_1\ML_final\Debug\link.11556-rc.write.1.tlog
D:\Bon\Visual Studio 2012\Projects\ML_final_v1_1\ML_final\Debug\link.11556.read.1.tlog
D:\Bon\Visual Studio 2012\Projects\ML_final_v1_1\ML_final\Debug\link.11556.write.1.tlog
D:\Bon\Visual Studio 2012\Projects\ML_final_v1_1\ML_final\Debug\link.11692-cvtres.read.1.tlog
D:\Bon\Visual Studio 2012\Projects\ML_final_v1_1\ML_final\Debug\link.11692-cvtres.write.1.tlog
D:\Bon\Visual Studio 2012\Projects\ML_final_v1_1\ML_final\Debug\link.11692-rc.read.1.tlog
D:\Bon\Visual Studio 2012\Projects\ML_final_v1_1\ML_final\Debug\link.11692-rc.write.1.tlog
D:\Bon\Visual Studio 2012\Projects\ML_final_v1_1\ML_final\Debug\link.11692.read.1.tlog
D:\Bon\Visual Studio 2012\Projects\ML_final_v1_1\ML_final\Debug\link.11692.write.1.tlog
D:\Bon\Visual Studio 2012\Projects\ML_final_v1_1\ML_final\Debug\link.12908-cvtres.read.1.tlog
D:\Bon\Visual Studio 2012\Projects\ML_final_v1_1\ML_final\Debug\link.12908-cvtres.write.1.tlog
D:\Bon\Visual Studio 2012\Projects\ML_final_v1_1\ML_final\Debug\link.12908-rc.read.1.tlog
D:\Bon\Visual Studio 2012\Projects\ML_final_v1_1\ML_final\Debug\link.12908-rc.write.1.tlog
D:\Bon\Visual Studio 2012\Projects\ML_final_v1_1\ML_final\Debug\link.12908.read.1.tlog
D:\Bon\Visual Studio 2012\Projects\ML_final_v1_1\ML_final\Debug\link.12908.write.1.tlog
D:\Bon\Visual Studio 2012\Projects\ML_final_v1_1\ML_final\Debug\link.1444-cvtres.read.1.tlog
D:\Bon\Visual Studio 2012\Projects\ML_final_v1_1\ML_final\Debug\link.1444-cvtres.write.1.tlog
D:\Bon\Visual Studio 2012\Projects\ML_final_v1_1\ML_final\Debug\link.1444-rc.read.1.tlog
D:\Bon\Visual Studio 2012\Projects\ML_final_v1_1\ML_final\Debug\link.1444-rc.write.1.tlog
D:\Bon\Visual Studio 2012\Projects\ML_final_v1_1\ML_final\Debug\link.1444.read.1.tlog
D:\Bon\Visual Studio 2012\Projects\ML_final_v1_1\ML_final\Debug\link.1444.write.1.tlog
D:\Bon\Visual Studio 2012\Projects\ML_final_v1_1\ML_final\Debug\link.14716-cvtres.read.1.tlog
D:\Bon\Visual Studio 2012\Projects\ML_final_v1_1\ML_final\Debug\link.14716-cvtres.write.1.tlog
D:\Bon\Visual Studio 2012\Projects\ML_final_v1_1\ML_final\Debug\link.14716-rc.read.1.tlog
D:\Bon\Visual Studio 2012\Projects\ML_final_v1_1\ML_final\Debug\link.14716-rc.write.1.tlog
D:\Bon\Visual Studio 2012\Projects\ML_final_v1_1\ML_final\Debug\link.14716.read.1.tlog
D:\Bon\Visual Studio 2012\Projects\ML_final_v1_1\ML_final\Debug\link.14716.write.1.tlog
D:\Bon\Visual Studio 2012\Projects\ML_final_v1_1\ML_final\Debug\link.15692-cvtres.read.1.tlog
D:\Bon\Visual Studio 2012\Projects\ML_final_v1_1\ML_final\Debug\link.15692-cvtres.write.1.tlog
D:\Bon\Visual Studio 2012\Projects\ML_final_v1_1\ML_final\Debug\link.15692-rc.read.1.tlog
D:\Bon\Visual Studio 2012\Projects\ML_final_v1_1\ML_final\Debug\link.15692-rc.write.1.tlog
D:\Bon\Visual Studio 2012\Projects\ML_final_v1_1\ML_final\Debug\link.15692.read.1.tlog
D:\Bon\Visual Studio 2012\Projects\ML_final_v1_1\ML_final\Debug\link.15692.write.1.tlog
D:\Bon\Visual Studio 2012\Projects\ML_final_v1_1\ML_final\Debug\link.15844-cvtres.read.1.tlog
D:\Bon\Visual Studio 2012\Projects\ML_final_v1_1\ML_final\Debug\link.15844-cvtres.write.1.tlog
D:\Bon\Visual Studio 2012\Projects\ML_final_v1_1\ML_final\Debug\link.15844-rc.read.1.tlog
D:\Bon\Visual Studio 2012\Projects\ML_final_v1_1\ML_final\Debug\link.15844-rc.write.1.tlog
D:\Bon\Visual Studio 2012\Projects\ML_final_v1_1\ML_final\Debug\link.15844.read.1.tlog
D:\Bon\Visual Studio 2012\Projects\ML_final_v1_1\ML_final\Debug\link.15844.write.1.tlog
D:\Bon\Visual Studio 2012\Projects\ML_final_v1_1\ML_final\Debug\link.16180-cvtres.read.1.tlog
D:\Bon\Visual Studio 2012\Projects\ML_final_v1_1\ML_final\Debug\link.16180-cvtres.write.1.tlog
D:\Bon\Visual Studio 2012\Projects\ML_final_v1_1\ML_final\Debug\link.16180-rc.read.1.tlog
D:\Bon\Visual Studio 2012\Projects\ML_final_v1_1\ML_final\Debug\link.16180-rc.write.1.tlog
D:\Bon\Visual Studio 2012\Projects\ML_final_v1_1\ML_final\Debug\link.16180.read.1.tlog
D:\Bon\Visual Studio 2012\Projects\ML_final_v1_1\ML_final\Debug\link.16180.write.1.tlog
D:\Bon\Visual Studio 2012\Projects\ML_final_v1_1\ML_final\Debug\link.16668-cvtres.read.1.tlog
D:\Bon\Visual Studio 2012\Projects\ML_final_v1_1\ML_final\Debug\link.16668-cvtres.write.1.tlog
D:\Bon\Visual Studio 2012\Projects\ML_final_v1_1\ML_final\Debug\link.16668-rc.read.1.tlog
D:\Bon\Visual Studio 2012\Projects\ML_final_v1_1\ML_final\Debug\link.16668-rc.write.1.tlog
D:\Bon\Visual Studio 2012\Projects\ML_final_v1_1\ML_final\Debug\link.16668.read.1.tlog
D:\Bon\Visual Studio 2012\Projects\ML_final_v1_1\ML_final\Debug\link.16668.write.1.tlog
D:\Bon\Visual Studio 2012\Projects\ML_final_v1_1\ML_final\Debug\link.17312-cvtres.read.1.tlog
D:\Bon\Visual Studio 2012\Projects\ML_final_v1_1\ML_final\Debug\link.17312-cvtres.write.1.tlog
D:\Bon\Visual Studio 2012\Projects\ML_final_v1_1\ML_final\Debug\link.17312-rc.read.1.tlog
D:\Bon\Visual Studio 2012\Projects\ML_final_v1_1\ML_final\Debug\link.17312-rc.write.1.tlog
D:\Bon\Visual Studio 2012\Projects\ML_final_v1_1\ML_final\Debug\link.17312.read.1.tlog
D:\Bon\Visual Studio 2012\Projects\ML_final_v1_1\ML_final\Debug\link.17312.write.1.tlog
D:\Bon\Visual Studio 2012\Projects\ML_final_v1_1\ML_final\Debug\link.17776-cvtres.read.1.tlog
D:\Bon\Visual Studio 2012\Projects\ML_final_v1_1\ML_final\Debug\link.17776-cvtres.write.1.tlog
D:\Bon\Visual Studio 2012\Projects\ML_final_v1_1\ML_final\Debug\link.17776-rc.read.1.tlog
D:\Bon\Visual Studio 2012\Projects\ML_final_v1_1\ML_final\Debug\link.17776-rc.write.1.tlog
D:\Bon\Visual Studio 2012\Projects\ML_final_v1_1\ML_final\Debug\link.17776.read.1.tlog
D:\Bon\Visual Studio 2012\Projects\ML_final_v1_1\ML_final\Debug\link.17776.write.1.tlog
D:\Bon\Visual Studio 2012\Projects\ML_final_v1_1\ML_final\Debug\link.8232-cvtres.read.1.tlog
D:\Bon\Visual Studio 2012\Projects\ML_final_v1_1\ML_final\Debug\link.8232-cvtres.write.1.tlog
D:\Bon\Visual Studio 2012\Projects\ML_final_v1_1\ML_final\Debug\link.8232-rc.read.1.tlog
D:\Bon\Visual Studio 2012\Projects\ML_final_v1_1\ML_final\Debug\link.8232-rc.write.1.tlog
D:\Bon\Visual Studio 2012\Projects\ML_final_v1_1\ML_final\Debug\link.8232.read.1.tlog
D:\Bon\Visual Studio 2012\Projects\ML_final_v1_1\ML_final\Debug\link.8232.write.1.tlog
D:\Bon\Visual Studio 2012\Projects\ML_final_v1_1\ML_final\Debug\link.9808-cvtres.read.1.tlog
D:\Bon\Visual Studio 2012\Projects\ML_final_v1_1\ML_final\Debug\link.9808-cvtres.write.1.tlog
D:\Bon\Visual Studio 2012\Projects\ML_final_v1_1\ML_final\Debug\link.9808-rc.read.1.tlog
D:\Bon\Visual Studio 2012\Projects\ML_final_v1_1\ML_final\Debug\link.9808-rc.write.1.tlog
D:\Bon\Visual Studio 2012\Projects\ML_final_v1_1\ML_final\Debug\link.9808.read.1.tlog
D:\Bon\Visual Studio 2012\Projects\ML_final_v1_1\ML_final\Debug\link.9808.write.1.tlog
D:\Bon\Visual Studio 2012\Projects\ML_final_v1_1\ML_final\Debug\link.command.1.tlog
D:\Bon\Visual Studio 2012\Projects\ML_final_v1_1\ML_final\Debug\link.read.1.tlog
D:\Bon\Visual Studio 2012\Projects\ML_final_v1_1\ML_final\Debug\link.write.1.tlog
D:\Bon\Visual Studio 2012\Projects\ML_final_v1_1\ML_final\Debug\vc110.idb
D:\Bon\Visual Studio 2012\Projects\ML_final_v1_1\ML_final\Debug\vc110.pdb
D:\Bon\Visual Studio 2012\Projects\ML_final_v1_1\Debug\ML_final.pdb
D:\Bon\Visual Studio 2012\Projects\ML_final_v1_1\Debug\ML_final.exe
D:\Bon\Visual Studio 2012\Projects\ML_final_v1_1\Debug\ML_final.ilk
