Build started 2013/12/23 下午 11:07:52.
     1>Project "D:\Bon\Visual Studio 2012\Projects\ML_final_v2_1\ML_final\ML_final.vcxproj" on node 2 (Build target(s)).
     1>InitializeBuildStatus:
         Creating "Debug\ML_final.unsuccessfulbuild" because "AlwaysCreate" was specified.
       ClCompile:
         C:\Program Files (x86)\Microsoft Visual Studio 11.0\VC\bin\CL.exe /c /ZI /nologo /W3 /WX- /sdl /Od /Oy- /D WIN32 /D _DEBUG /D _CONSOLE /D _UNICODE /D UNICODE /Gm /EHsc /RTC1 /MDd /GS /fp:precise /Zc:wchar_t /Zc:forScope /Fo"Debug\\" /Fd"Debug\vc110.pdb" /Gd /TP /analyze- /errorReport:prompt lbp.cpp
         lbp.cpp
     1>d:\bon\visual studio 2012\projects\ml_final_v2_1\ml_final\lbp.cpp(13): warning C4244: 'argument' : conversion from 'double' to 'int', possible loss of data
     1>d:\bon\visual studio 2012\projects\ml_final_v2_1\ml_final\lbp.cpp(61): warning C4552: '<<' : operator has no effect; expected operator with side-effect
     1>d:\bon\visual studio 2012\projects\ml_final_v2_1\ml_final\lbp.cpp(63): warning C4552: '<<' : operator has no effect; expected operator with side-effect
     1>d:\bon\visual studio 2012\projects\ml_final_v2_1\ml_final\lbp.cpp(65): warning C4552: '<<' : operator has no effect; expected operator with side-effect
     1>d:\bon\visual studio 2012\projects\ml_final_v2_1\ml_final\lbp.cpp(67): warning C4552: '<<' : operator has no effect; expected operator with side-effect
     1>d:\bon\visual studio 2012\projects\ml_final_v2_1\ml_final\lbp.cpp(69): warning C4552: '<<' : operator has no effect; expected operator with side-effect
     1>d:\bon\visual studio 2012\projects\ml_final_v2_1\ml_final\lbp.cpp(71): warning C4552: '<<' : operator has no effect; expected operator with side-effect
     1>d:\bon\visual studio 2012\projects\ml_final_v2_1\ml_final\lbp.cpp(73): warning C4552: '<<' : operator has no effect; expected operator with side-effect
     1>d:\bon\visual studio 2012\projects\ml_final_v2_1\ml_final\lbp.cpp(58): warning C4101: 'map' : unreferenced local variable
     1>d:\bon\visual studio 2012\projects\ml_final_v2_1\ml_final\lbp.cpp(57): warning C4101: 'flag' : unreferenced local variable
     1>d:\bon\visual studio 2012\projects\ml_final_v2_1\ml_final\lbp.cpp(85): warning C4552: '<<' : operator has no effect; expected operator with side-effect
     1>d:\bon\visual studio 2012\projects\ml_final_v2_1\ml_final\lbp.cpp(87): warning C4552: '<<' : operator has no effect; expected operator with side-effect
     1>d:\bon\visual studio 2012\projects\ml_final_v2_1\ml_final\lbp.cpp(89): warning C4552: '<<' : operator has no effect; expected operator with side-effect
     1>d:\bon\visual studio 2012\projects\ml_final_v2_1\ml_final\lbp.cpp(91): warning C4552: '<<' : operator has no effect; expected operator with side-effect
     1>d:\bon\visual studio 2012\projects\ml_final_v2_1\ml_final\lbp.cpp(93): warning C4552: '<<' : operator has no effect; expected operator with side-effect
     1>d:\bon\visual studio 2012\projects\ml_final_v2_1\ml_final\lbp.cpp(95): warning C4552: '<<' : operator has no effect; expected operator with side-effect
     1>d:\bon\visual studio 2012\projects\ml_final_v2_1\ml_final\lbp.cpp(97): warning C4552: '<<' : operator has no effect; expected operator with side-effect
     1>d:\bon\visual studio 2012\projects\ml_final_v2_1\ml_final\lbp.cpp(82): warning C4101: 'map' : unreferenced local variable
     1>d:\bon\visual studio 2012\projects\ml_final_v2_1\ml_final\lbp.cpp(81): warning C4101: 'flag' : unreferenced local variable
     1>d:\bon\visual studio 2012\projects\ml_final_v2_1\ml_final\lbp.cpp(103): warning C4018: '<' : signed/unsigned mismatch
       Link:
         C:\Program Files (x86)\Microsoft Visual Studio 11.0\VC\bin\link.exe /ERRORREPORT:PROMPT /OUT:"D:\Bon\Visual Studio 2012\Projects\ML_final_v2_1\Debug\ML_final.exe" /INCREMENTAL /NOLOGO opencv_core246d.lib opencv_highgui246d.lib opencv_imgproc246d.lib kernel32.lib user32.lib gdi32.lib winspool.lib comdlg32.lib advapi32.lib shell32.lib ole32.lib oleaut32.lib uuid.lib odbc32.lib odbccp32.lib /MANIFEST /MANIFESTUAC:"level='asInvoker' uiAccess='false'" /manifest:embed /DEBUG /PDB:"D:\Bon\Visual Studio 2012\Projects\ML_final_v2_1\Debug\ML_final.pdb" /SUBSYSTEM:CONSOLE /TLBID:1 /DYNAMICBASE /NXCOMPAT /IMPLIB:"D:\Bon\Visual Studio 2012\Projects\ML_final_v2_1\Debug\ML_final.lib" /MACHINE:X86 Debug\feature.obj
         Debug\lbp.obj
         Debug\Source.obj
         Debug\tool.obj
         Debug\yokoi.obj
         ML_final.vcxproj -> D:\Bon\Visual Studio 2012\Projects\ML_final_v2_1\Debug\ML_final.exe
       FinalizeBuildStatus:
         Deleting file "Debug\ML_final.unsuccessfulbuild".
         Touching "Debug\ML_final.lastbuildstate".
     1>Done Building Project "D:\Bon\Visual Studio 2012\Projects\ML_final_v2_1\ML_final\ML_final.vcxproj" (Build target(s)).

Build succeeded.

Time Elapsed 00:00:01.17
