D:\BON\VISUAL STUDIO 2012\PROJECTS\ML_FINAL_V2_1\ML_FINAL\RELEASE\YOKOI.OBJ
D:\BON\VISUAL STUDIO 2012\PROJECTS\ML_FINAL_V2_1\ML_FINAL\RELEASE\TOOL.OBJ
D:\BON\VISUAL STUDIO 2012\PROJECTS\ML_FINAL_V2_1\ML_FINAL\RELEASE\SOURCE.OBJ
D:\BON\VISUAL STUDIO 2012\PROJECTS\ML_FINAL_V2_1\ML_FINAL\RELEASE\LBP.OBJ
D:\BON\VISUAL STUDIO 2012\PROJECTS\ML_FINAL_V2_1\ML_FINAL\RELEASE\FEATURE.OBJ
D:\BON\VISUAL STUDIO 2012\PROJECTS\ML_FINAL_V2_1\ML_FINAL\RELEASE\VC110.PDB
D:\BON\VISUAL STUDIO 2012\PROJECTS\ML_FINAL_V2_1\RELEASE\ML_FINAL.EXE
D:\BON\VISUAL STUDIO 2012\PROJECTS\ML_FINAL_V2_1\RELEASE\ML_FINAL.PDB
D:\Bon\Visual Studio 2012\Projects\ML_final_v2_1\ML_final\Release\feature.obj
D:\Bon\Visual Studio 2012\Projects\ML_final_v2_1\ML_final\Release\lbp.obj
D:\Bon\Visual Studio 2012\Projects\ML_final_v2_1\ML_final\Release\Source.obj
D:\Bon\Visual Studio 2012\Projects\ML_final_v2_1\ML_final\Release\tool.obj
D:\Bon\Visual Studio 2012\Projects\ML_final_v2_1\ML_final\Release\yokoi.obj
D:\Bon\Visual Studio 2012\Projects\ML_final_v2_1\ML_final\Release\cl.command.1.tlog
D:\Bon\Visual Studio 2012\Projects\ML_final_v2_1\ML_final\Release\CL.read.1.tlog
D:\Bon\Visual Studio 2012\Projects\ML_final_v2_1\ML_final\Release\CL.write.1.tlog
D:\Bon\Visual Studio 2012\Projects\ML_final_v2_1\ML_final\Release\link-cvtres.read.1.tlog
D:\Bon\Visual Studio 2012\Projects\ML_final_v2_1\ML_final\Release\link-cvtres.write.1.tlog
D:\Bon\Visual Studio 2012\Projects\ML_final_v2_1\ML_final\Release\link-rc.read.1.tlog
D:\Bon\Visual Studio 2012\Projects\ML_final_v2_1\ML_final\Release\link-rc.write.1.tlog
D:\Bon\Visual Studio 2012\Projects\ML_final_v2_1\ML_final\Release\link.command.1.tlog
D:\Bon\Visual Studio 2012\Projects\ML_final_v2_1\ML_final\Release\link.read.1.tlog
D:\Bon\Visual Studio 2012\Projects\ML_final_v2_1\ML_final\Release\link.write.1.tlog
D:\Bon\Visual Studio 2012\Projects\ML_final_v2_1\ML_final\Release\vc110.pdb
D:\Bon\Visual Studio 2012\Projects\ML_final_v2_1\Release\ML_final.pdb
D:\Bon\Visual Studio 2012\Projects\ML_final_v2_1\Release\ML_final.exe
