Build started 2014/1/4 上午 01:27:08.
     1>Project "D:\course\Machine Learning\FP\ddd\ML_final_ddd\ML_ddd\ML_ddd.vcxproj" on node 2 (Rebuild target(s)).
     1>ClCompile:
         D:\application\VS\VS2012\VC\bin\x86_amd64\CL.exe /c /Zi /nologo /W3 /WX- /sdl /O2 /Oi /GL /D WIN32 /D NDEBUG /D _CONSOLE /D _UNICODE /D UNICODE /D _AFXDLL /Gm- /EHsc /MD /GS /Gy /fp:precise /Zc:wchar_t /Zc:forScope /Fo"x64\Release\\" /Fd"x64\Release\vc110.pdb" /Gd /TP /errorReport:prompt feature.cpp hog.cpp lbp.cpp Source.cpp tool.cpp
         feature.cpp
         _WIN32_WINNT not defined. Defaulting to _WIN32_WINNT_MAXVER (see WinSDKVer.h)
         hog.cpp
         _WIN32_WINNT not defined. Defaulting to _WIN32_WINNT_MAXVER (see WinSDKVer.h)
         lbp.cpp
         _WIN32_WINNT not defined. Defaulting to _WIN32_WINNT_MAXVER (see WinSDKVer.h)
     1>lbp.cpp(12): warning C4244: 'argument' : conversion from 'double' to 'int', possible loss of data
     1>lbp.cpp(60): warning C4552: '<<' : operator has no effect; expected operator with side-effect
     1>lbp.cpp(62): warning C4552: '<<' : operator has no effect; expected operator with side-effect
     1>lbp.cpp(64): warning C4552: '<<' : operator has no effect; expected operator with side-effect
     1>lbp.cpp(66): warning C4552: '<<' : operator has no effect; expected operator with side-effect
     1>lbp.cpp(68): warning C4552: '<<' : operator has no effect; expected operator with side-effect
     1>lbp.cpp(70): warning C4552: '<<' : operator has no effect; expected operator with side-effect
     1>lbp.cpp(72): warning C4552: '<<' : operator has no effect; expected operator with side-effect
     1>lbp.cpp(57): warning C4101: 'map' : unreferenced local variable
     1>lbp.cpp(56): warning C4101: 'flag' : unreferenced local variable
     1>lbp.cpp(84): warning C4552: '<<' : operator has no effect; expected operator with side-effect
     1>lbp.cpp(86): warning C4552: '<<' : operator has no effect; expected operator with side-effect
     1>lbp.cpp(88): warning C4552: '<<' : operator has no effect; expected operator with side-effect
     1>lbp.cpp(90): warning C4552: '<<' : operator has no effect; expected operator with side-effect
     1>lbp.cpp(92): warning C4552: '<<' : operator has no effect; expected operator with side-effect
     1>lbp.cpp(94): warning C4552: '<<' : operator has no effect; expected operator with side-effect
     1>lbp.cpp(96): warning C4552: '<<' : operator has no effect; expected operator with side-effect
     1>lbp.cpp(81): warning C4101: 'map' : unreferenced local variable
     1>lbp.cpp(80): warning C4101: 'flag' : unreferenced local variable
         Source.cpp
         _WIN32_WINNT not defined. Defaulting to _WIN32_WINNT_MAXVER (see WinSDKVer.h)
         tool.cpp
         _WIN32_WINNT not defined. Defaulting to _WIN32_WINNT_MAXVER (see WinSDKVer.h)
       Link:
         D:\application\VS\VS2012\VC\bin\x86_amd64\link.exe /ERRORREPORT:PROMPT /OUT:"D:\course\Machine Learning\FP\ddd\ML_final_ddd\x64\Release\ML_ddd.exe" /INCREMENTAL:NO /NOLOGO opencv_core246.lib opencv_highgui246.lib opencv_imgproc246.lib opencv_objdetect246.lib opencv_core246.lib opencv_highgui246.lib opencv_imgproc246d.lib /MANIFEST /MANIFESTUAC:"level='asInvoker' uiAccess='false'" /manifest:embed /manifestinput:D:\application\VS\VS2012\VC\Include\Manifest\dpiaware.manifest /DEBUG /PDB:"D:\course\Machine Learning\FP\ddd\ML_final_ddd\x64\Release\ML_ddd.pdb" /SUBSYSTEM:CONSOLE /OPT:REF /OPT:ICF /LTCG /TLBID:1 /DYNAMICBASE /NXCOMPAT /IMPLIB:"D:\course\Machine Learning\FP\ddd\ML_final_ddd\x64\Release\ML_ddd.lib" /MACHINE:X64 x64\Release\feature.obj
         x64\Release\hog.obj
         x64\Release\lbp.obj
         x64\Release\Source.obj
         x64\Release\tool.obj
         Generating code
         Finished generating code
         ML_ddd.vcxproj -> D:\course\Machine Learning\FP\ddd\ML_final_ddd\x64\Release\ML_ddd.exe
     1>Done Building Project "D:\course\Machine Learning\FP\ddd\ML_final_ddd\ML_ddd\ML_ddd.vcxproj" (Rebuild target(s)).

Build succeeded.

Time Elapsed 00:00:07.44
