D:\COURSE\MACHINE LEARNING\FP\DDD\ML_FINAL_DDD\ML_DDD\X64\RELEASE\TOOL.OBJ
D:\COURSE\MACHINE LEARNING\FP\DDD\ML_FINAL_DDD\ML_DDD\X64\RELEASE\SOURCE.OBJ
D:\COURSE\MACHINE LEARNING\FP\DDD\ML_FINAL_DDD\ML_DDD\X64\RELEASE\LBP.OBJ
D:\COURSE\MACHINE LEARNING\FP\DDD\ML_FINAL_DDD\ML_DDD\X64\RELEASE\HOG.OBJ
D:\COURSE\MACHINE LEARNING\FP\DDD\ML_FINAL_DDD\ML_DDD\X64\RELEASE\FEATURE.OBJ
D:\COURSE\MACHINE LEARNING\FP\DDD\ML_FINAL_DDD\ML_DDD\X64\RELEASE\VC110.PDB
D:\COURSE\MACHINE LEARNING\FP\DDD\ML_FINAL_DDD\X64\RELEASE\ML_DDD.EXE
D:\COURSE\MACHINE LEARNING\FP\DDD\ML_FINAL_DDD\X64\RELEASE\ML_DDD.PDB
D:\course\Machine Learning\FP\ddd\ML_final_ddd\ML_ddd\x64\Release\feature.obj
D:\course\Machine Learning\FP\ddd\ML_final_ddd\ML_ddd\x64\Release\hog.obj
D:\course\Machine Learning\FP\ddd\ML_final_ddd\ML_ddd\x64\Release\lbp.obj
D:\course\Machine Learning\FP\ddd\ML_final_ddd\ML_ddd\x64\Release\Source.obj
D:\course\Machine Learning\FP\ddd\ML_final_ddd\ML_ddd\x64\Release\tool.obj
D:\course\Machine Learning\FP\ddd\ML_final_ddd\ML_ddd\x64\Release\cl.command.1.tlog
D:\course\Machine Learning\FP\ddd\ML_final_ddd\ML_ddd\x64\Release\CL.read.1.tlog
D:\course\Machine Learning\FP\ddd\ML_final_ddd\ML_ddd\x64\Release\CL.write.1.tlog
D:\course\Machine Learning\FP\ddd\ML_final_ddd\ML_ddd\x64\Release\link-cvtres.read.1.tlog
D:\course\Machine Learning\FP\ddd\ML_final_ddd\ML_ddd\x64\Release\link-cvtres.write.1.tlog
D:\course\Machine Learning\FP\ddd\ML_final_ddd\ML_ddd\x64\Release\link-mt.read.1.tlog
D:\course\Machine Learning\FP\ddd\ML_final_ddd\ML_ddd\x64\Release\link-mt.write.1.tlog
D:\course\Machine Learning\FP\ddd\ML_final_ddd\ML_ddd\x64\Release\link-rc.read.1.tlog
D:\course\Machine Learning\FP\ddd\ML_final_ddd\ML_ddd\x64\Release\link-rc.write.1.tlog
D:\course\Machine Learning\FP\ddd\ML_final_ddd\ML_ddd\x64\Release\link.command.1.tlog
D:\course\Machine Learning\FP\ddd\ML_final_ddd\ML_ddd\x64\Release\link.read.1.tlog
D:\course\Machine Learning\FP\ddd\ML_final_ddd\ML_ddd\x64\Release\link.write.1.tlog
D:\course\Machine Learning\FP\ddd\ML_final_ddd\ML_ddd\x64\Release\vc110.pdb
D:\course\Machine Learning\FP\ddd\ML_final_ddd\x64\Release\ML_ddd.pdb
D:\course\Machine Learning\FP\ddd\ML_final_ddd\x64\Release\ML_ddd.exe
