Build started 2013/12/23 下午 11:02:44.
     1>Project "D:\Bon\Visual Studio 2012\Projects\ML_final_v2_1\ML_final\ML_final.vcxproj" on node 2 (Build target(s)).
     1>PrepareForBuild:
         Creating directory "D:\Bon\Visual Studio 2012\Projects\ML_final_v2_1\x64\Debug\".
       InitializeBuildStatus:
         Creating "x64\Debug\ML_final.unsuccessfulbuild" because "AlwaysCreate" was specified.
       ClCompile:
         C:\Program Files (x86)\Microsoft Visual Studio 11.0\VC\bin\x86_amd64\CL.exe /c /Zi /nologo /W3 /WX- /sdl /Od /D WIN32 /D _DEBUG /D _CONSOLE /D _UNICODE /D UNICODE /Gm /EHsc /RTC1 /MDd /GS /fp:precise /Zc:wchar_t /Zc:forScope /Fo"x64\Debug\\" /Fd"x64\Debug\vc110.pdb" /Gd /TP /errorReport:prompt feature.cpp lbp.cpp Source.cpp tool.cpp yokoi.cpp
         yokoi.cpp
         tool.cpp
         Source.cpp
         lbp.cpp
     1>lbp.cpp(13): warning C4244: 'argument' : conversion from 'double' to 'int', possible loss of data
     1>lbp.cpp(61): warning C4552: '<<' : operator has no effect; expected operator with side-effect
     1>lbp.cpp(63): warning C4552: '<<' : operator has no effect; expected operator with side-effect
     1>lbp.cpp(65): warning C4552: '<<' : operator has no effect; expected operator with side-effect
     1>lbp.cpp(67): warning C4552: '<<' : operator has no effect; expected operator with side-effect
     1>lbp.cpp(69): warning C4552: '<<' : operator has no effect; expected operator with side-effect
     1>lbp.cpp(71): warning C4552: '<<' : operator has no effect; expected operator with side-effect
     1>lbp.cpp(73): warning C4552: '<<' : operator has no effect; expected operator with side-effect
     1>lbp.cpp(58): warning C4101: 'map' : unreferenced local variable
     1>lbp.cpp(57): warning C4101: 'flag' : unreferenced local variable
     1>lbp.cpp(85): warning C4552: '<<' : operator has no effect; expected operator with side-effect
     1>lbp.cpp(87): warning C4552: '<<' : operator has no effect; expected operator with side-effect
     1>lbp.cpp(89): warning C4552: '<<' : operator has no effect; expected operator with side-effect
     1>lbp.cpp(91): warning C4552: '<<' : operator has no effect; expected operator with side-effect
     1>lbp.cpp(93): warning C4552: '<<' : operator has no effect; expected operator with side-effect
     1>lbp.cpp(95): warning C4552: '<<' : operator has no effect; expected operator with side-effect
     1>lbp.cpp(97): warning C4552: '<<' : operator has no effect; expected operator with side-effect
     1>lbp.cpp(82): warning C4101: 'map' : unreferenced local variable
     1>lbp.cpp(81): warning C4101: 'flag' : unreferenced local variable
         feature.cpp
     1>d:\bon\visual studio 2012\projects\ml_final_v2_1\ml_final\voronoi.h(549): warning C4267: 'initializing' : conversion from 'size_t' to 'unsigned int', possible loss of data
     1>d:\bon\visual studio 2012\projects\ml_final_v2_1\ml_final\voronoi.h(552): warning C4800: 'uchar' : forcing value to bool 'true' or 'false' (performance warning)
     1>d:\bon\visual studio 2012\projects\ml_final_v2_1\ml_final\voronoi.h(577): warning C4800: 'uchar' : forcing value to bool 'true' or 'false' (performance warning)
     1>d:\bon\visual studio 2012\projects\ml_final_v2_1\ml_final\voronoi.h(578): warning C4800: 'uchar' : forcing value to bool 'true' or 'false' (performance warning)
     1>d:\bon\visual studio 2012\projects\ml_final_v2_1\ml_final\voronoi.h(579): warning C4800: 'uchar' : forcing value to bool 'true' or 'false' (performance warning)
     1>d:\bon\visual studio 2012\projects\ml_final_v2_1\ml_final\voronoi.h(580): warning C4800: 'uchar' : forcing value to bool 'true' or 'false' (performance warning)
     1>d:\bon\visual studio 2012\projects\ml_final_v2_1\ml_final\voronoi.h(581): warning C4800: 'uchar' : forcing value to bool 'true' or 'false' (performance warning)
     1>d:\bon\visual studio 2012\projects\ml_final_v2_1\ml_final\voronoi.h(582): warning C4800: 'uchar' : forcing value to bool 'true' or 'false' (performance warning)
     1>d:\bon\visual studio 2012\projects\ml_final_v2_1\ml_final\voronoi.h(583): warning C4800: 'uchar' : forcing value to bool 'true' or 'false' (performance warning)
     1>d:\bon\visual studio 2012\projects\ml_final_v2_1\ml_final\voronoi.h(584): warning C4800: 'uchar' : forcing value to bool 'true' or 'false' (performance warning)
     1>d:\bon\visual studio 2012\projects\ml_final_v2_1\ml_final\voronoi.h(600): warning C4800: 'uchar' : forcing value to bool 'true' or 'false' (performance warning)
     1>d:\bon\visual studio 2012\projects\ml_final_v2_1\ml_final\voronoi.h(601): warning C4800: 'uchar' : forcing value to bool 'true' or 'false' (performance warning)
     1>d:\bon\visual studio 2012\projects\ml_final_v2_1\ml_final\voronoi.h(602): warning C4800: 'uchar' : forcing value to bool 'true' or 'false' (performance warning)
     1>d:\bon\visual studio 2012\projects\ml_final_v2_1\ml_final\voronoi.h(603): warning C4800: 'uchar' : forcing value to bool 'true' or 'false' (performance warning)
     1>d:\bon\visual studio 2012\projects\ml_final_v2_1\ml_final\voronoi.h(604): warning C4800: 'uchar' : forcing value to bool 'true' or 'false' (performance warning)
     1>d:\bon\visual studio 2012\projects\ml_final_v2_1\ml_final\voronoi.h(605): warning C4800: 'uchar' : forcing value to bool 'true' or 'false' (performance warning)
     1>d:\bon\visual studio 2012\projects\ml_final_v2_1\ml_final\voronoi.h(606): warning C4800: 'uchar' : forcing value to bool 'true' or 'false' (performance warning)
     1>d:\bon\visual studio 2012\projects\ml_final_v2_1\ml_final\voronoi.h(607): warning C4800: 'uchar' : forcing value to bool 'true' or 'false' (performance warning)
         Generating Code...
       Link:
         C:\Program Files (x86)\Microsoft Visual Studio 11.0\VC\bin\x86_amd64\link.exe /ERRORREPORT:PROMPT /OUT:"D:\Bon\Visual Studio 2012\Projects\ML_final_v2_1\x64\Debug\ML_final.exe" /INCREMENTAL /NOLOGO opencv_core246d.lib opencv_highgui246d.lib opencv_imgproc246d.lib kernel32.lib user32.lib gdi32.lib winspool.lib comdlg32.lib advapi32.lib shell32.lib ole32.lib oleaut32.lib uuid.lib odbc32.lib odbccp32.lib /MANIFEST /MANIFESTUAC:"level='asInvoker' uiAccess='false'" /manifest:embed /DEBUG /PDB:"D:\Bon\Visual Studio 2012\Projects\ML_final_v2_1\x64\Debug\ML_final.pdb" /SUBSYSTEM:CONSOLE /TLBID:1 /DYNAMICBASE /NXCOMPAT /IMPLIB:"D:\Bon\Visual Studio 2012\Projects\ML_final_v2_1\x64\Debug\ML_final.lib" /MACHINE:X64 x64\Debug\feature.obj
         x64\Debug\lbp.obj
         x64\Debug\Source.obj
         x64\Debug\tool.obj
         x64\Debug\yokoi.obj
         ML_final.vcxproj -> D:\Bon\Visual Studio 2012\Projects\ML_final_v2_1\x64\Debug\ML_final.exe
       FinalizeBuildStatus:
         Deleting file "x64\Debug\ML_final.unsuccessfulbuild".
         Touching "x64\Debug\ML_final.lastbuildstate".
     1>Done Building Project "D:\Bon\Visual Studio 2012\Projects\ML_final_v2_1\ML_final\ML_final.vcxproj" (Build target(s)).

Build succeeded.

Time Elapsed 00:00:03.81
