Build started 2014/1/5 上午 02:27:46.
     1>Project "D:\course\Machine Learning\FP\ddd\ML_final_ddd\ML_final\ML_final.vcxproj" on node 2 (Rebuild target(s)).
     1>ClCompile:
         D:\application\VS\VS2012\VC\bin\x86_amd64\CL.exe /c /Zi /nologo /W3 /WX- /sdl /O2 /Oi /GL /D WIN32 /D NDEBUG /D _CONSOLE /D _UNICODE /D UNICODE /Gm- /EHsc /MD /GS /Gy /fp:precise /Zc:wchar_t /Zc:forScope /Fo"x64\Release\\" /Fd"x64\Release\vc110.pdb" /Gd /TP /errorReport:prompt dilation.cpp erosion.cpp feature.cpp hog.cpp lbp.cpp Source.cpp tool.cpp yokoi.cpp
         dilation.cpp
         erosion.cpp
         feature.cpp
         hog.cpp
         lbp.cpp
     1>lbp.cpp(13): warning C4244: 'argument' : conversion from 'double' to 'int', possible loss of data
     1>lbp.cpp(61): warning C4552: '<<' : operator has no effect; expected operator with side-effect
     1>lbp.cpp(63): warning C4552: '<<' : operator has no effect; expected operator with side-effect
     1>lbp.cpp(65): warning C4552: '<<' : operator has no effect; expected operator with side-effect
     1>lbp.cpp(67): warning C4552: '<<' : operator has no effect; expected operator with side-effect
     1>lbp.cpp(69): warning C4552: '<<' : operator has no effect; expected operator with side-effect
     1>lbp.cpp(71): warning C4552: '<<' : operator has no effect; expected operator with side-effect
     1>lbp.cpp(73): warning C4552: '<<' : operator has no effect; expected operator with side-effect
     1>lbp.cpp(58): warning C4101: 'map' : unreferenced local variable
     1>lbp.cpp(57): warning C4101: 'flag' : unreferenced local variable
     1>lbp.cpp(85): warning C4552: '<<' : operator has no effect; expected operator with side-effect
     1>lbp.cpp(87): warning C4552: '<<' : operator has no effect; expected operator with side-effect
     1>lbp.cpp(89): warning C4552: '<<' : operator has no effect; expected operator with side-effect
     1>lbp.cpp(91): warning C4552: '<<' : operator has no effect; expected operator with side-effect
     1>lbp.cpp(93): warning C4552: '<<' : operator has no effect; expected operator with side-effect
     1>lbp.cpp(95): warning C4552: '<<' : operator has no effect; expected operator with side-effect
     1>lbp.cpp(97): warning C4552: '<<' : operator has no effect; expected operator with side-effect
     1>lbp.cpp(82): warning C4101: 'map' : unreferenced local variable
     1>lbp.cpp(81): warning C4101: 'flag' : unreferenced local variable
         Source.cpp
         tool.cpp
         yokoi.cpp
       Link:
         D:\application\VS\VS2012\VC\bin\x86_amd64\link.exe /ERRORREPORT:PROMPT /OUT:"D:\course\Machine Learning\FP\ddd\ML_final_ddd\x64\Release\ML_final.exe" /INCREMENTAL:NO /NOLOGO opencv_core246.lib opencv_highgui246.lib opencv_imgproc246.lib opencv_objdetect246.lib kernel32.lib user32.lib gdi32.lib winspool.lib comdlg32.lib advapi32.lib shell32.lib ole32.lib oleaut32.lib uuid.lib odbc32.lib odbccp32.lib /MANIFEST /MANIFESTUAC:"level='asInvoker' uiAccess='false'" /manifest:embed /DEBUG /PDB:"D:\course\Machine Learning\FP\ddd\ML_final_ddd\x64\Release\ML_final.pdb" /SUBSYSTEM:CONSOLE /OPT:REF /OPT:ICF /LTCG /TLBID:1 /DYNAMICBASE /NXCOMPAT /IMPLIB:"D:\course\Machine Learning\FP\ddd\ML_final_ddd\x64\Release\ML_final.lib" /MACHINE:X64 x64\Release\dilation.obj
         x64\Release\erosion.obj
         x64\Release\feature.obj
         x64\Release\hog.obj
         x64\Release\lbp.obj
         x64\Release\Source.obj
         x64\Release\tool.obj
         x64\Release\yokoi.obj
         Generating code
         Finished generating code
         ML_final.vcxproj -> D:\course\Machine Learning\FP\ddd\ML_final_ddd\x64\Release\ML_final.exe
     1>Done Building Project "D:\course\Machine Learning\FP\ddd\ML_final_ddd\ML_final\ML_final.vcxproj" (Rebuild target(s)).

Build succeeded.

Time Elapsed 00:00:07.25
