Build started 2013/12/23 下午 11:37:46.
     1>Project "D:\course\Machine Learning\FP\ddd\ML_final_ddd\ML_final\ML_final.vcxproj" on node 2 (Build target(s)).
     1>ClCompile:
         D:\application\VS\VS2012\VC\bin\CL.exe /c /Zi /nologo /W3 /WX- /sdl /O2 /Oi /Oy- /GL /D WIN32 /D NDEBUG /D _CONSOLE /D _UNICODE /D UNICODE /Gm- /EHsc /MD /GS /Gy /fp:precise /Zc:wchar_t /Zc:forScope /Fo"Release\\" /Fd"Release\vc110.pdb" /Gd /TP /analyze- /errorReport:prompt feature.cpp lbp.cpp Source.cpp tool.cpp yokoi.cpp
         feature.cpp
     1>d:\course\machine learning\fp\ddd\ml_final_ddd\ml_final\voronoi.h(552): warning C4800: 'uchar' : forcing value to bool 'true' or 'false' (performance warning)
     1>d:\course\machine learning\fp\ddd\ml_final_ddd\ml_final\voronoi.h(577): warning C4800: 'uchar' : forcing value to bool 'true' or 'false' (performance warning)
     1>d:\course\machine learning\fp\ddd\ml_final_ddd\ml_final\voronoi.h(578): warning C4800: 'uchar' : forcing value to bool 'true' or 'false' (performance warning)
     1>d:\course\machine learning\fp\ddd\ml_final_ddd\ml_final\voronoi.h(579): warning C4800: 'uchar' : forcing value to bool 'true' or 'false' (performance warning)
     1>d:\course\machine learning\fp\ddd\ml_final_ddd\ml_final\voronoi.h(580): warning C4800: 'uchar' : forcing value to bool 'true' or 'false' (performance warning)
     1>d:\course\machine learning\fp\ddd\ml_final_ddd\ml_final\voronoi.h(581): warning C4800: 'uchar' : forcing value to bool 'true' or 'false' (performance warning)
     1>d:\course\machine learning\fp\ddd\ml_final_ddd\ml_final\voronoi.h(582): warning C4800: 'uchar' : forcing value to bool 'true' or 'false' (performance warning)
     1>d:\course\machine learning\fp\ddd\ml_final_ddd\ml_final\voronoi.h(583): warning C4800: 'uchar' : forcing value to bool 'true' or 'false' (performance warning)
     1>d:\course\machine learning\fp\ddd\ml_final_ddd\ml_final\voronoi.h(584): warning C4800: 'uchar' : forcing value to bool 'true' or 'false' (performance warning)
     1>d:\course\machine learning\fp\ddd\ml_final_ddd\ml_final\voronoi.h(600): warning C4800: 'uchar' : forcing value to bool 'true' or 'false' (performance warning)
     1>d:\course\machine learning\fp\ddd\ml_final_ddd\ml_final\voronoi.h(601): warning C4800: 'uchar' : forcing value to bool 'true' or 'false' (performance warning)
     1>d:\course\machine learning\fp\ddd\ml_final_ddd\ml_final\voronoi.h(602): warning C4800: 'uchar' : forcing value to bool 'true' or 'false' (performance warning)
     1>d:\course\machine learning\fp\ddd\ml_final_ddd\ml_final\voronoi.h(603): warning C4800: 'uchar' : forcing value to bool 'true' or 'false' (performance warning)
     1>d:\course\machine learning\fp\ddd\ml_final_ddd\ml_final\voronoi.h(604): warning C4800: 'uchar' : forcing value to bool 'true' or 'false' (performance warning)
     1>d:\course\machine learning\fp\ddd\ml_final_ddd\ml_final\voronoi.h(605): warning C4800: 'uchar' : forcing value to bool 'true' or 'false' (performance warning)
     1>d:\course\machine learning\fp\ddd\ml_final_ddd\ml_final\voronoi.h(606): warning C4800: 'uchar' : forcing value to bool 'true' or 'false' (performance warning)
     1>d:\course\machine learning\fp\ddd\ml_final_ddd\ml_final\voronoi.h(607): warning C4800: 'uchar' : forcing value to bool 'true' or 'false' (performance warning)
         lbp.cpp
     1>lbp.cpp(13): warning C4244: 'argument' : conversion from 'double' to 'int', possible loss of data
     1>lbp.cpp(61): warning C4552: '<<' : operator has no effect; expected operator with side-effect
     1>lbp.cpp(63): warning C4552: '<<' : operator has no effect; expected operator with side-effect
     1>lbp.cpp(65): warning C4552: '<<' : operator has no effect; expected operator with side-effect
     1>lbp.cpp(67): warning C4552: '<<' : operator has no effect; expected operator with side-effect
     1>lbp.cpp(69): warning C4552: '<<' : operator has no effect; expected operator with side-effect
     1>lbp.cpp(71): warning C4552: '<<' : operator has no effect; expected operator with side-effect
     1>lbp.cpp(73): warning C4552: '<<' : operator has no effect; expected operator with side-effect
     1>lbp.cpp(58): warning C4101: 'map' : unreferenced local variable
     1>lbp.cpp(57): warning C4101: 'flag' : unreferenced local variable
     1>lbp.cpp(85): warning C4552: '<<' : operator has no effect; expected operator with side-effect
     1>lbp.cpp(87): warning C4552: '<<' : operator has no effect; expected operator with side-effect
     1>lbp.cpp(89): warning C4552: '<<' : operator has no effect; expected operator with side-effect
     1>lbp.cpp(91): warning C4552: '<<' : operator has no effect; expected operator with side-effect
     1>lbp.cpp(93): warning C4552: '<<' : operator has no effect; expected operator with side-effect
     1>lbp.cpp(95): warning C4552: '<<' : operator has no effect; expected operator with side-effect
     1>lbp.cpp(97): warning C4552: '<<' : operator has no effect; expected operator with side-effect
     1>lbp.cpp(82): warning C4101: 'map' : unreferenced local variable
     1>lbp.cpp(81): warning C4101: 'flag' : unreferenced local variable
     1>lbp.cpp(103): warning C4018: '<' : signed/unsigned mismatch
         Source.cpp
         tool.cpp
         yokoi.cpp
       Link:
         D:\application\VS\VS2012\VC\bin\link.exe /ERRORREPORT:PROMPT /OUT:"D:\course\Machine Learning\FP\ddd\ML_final_ddd\Release\ML_final.exe" /INCREMENTAL:NO /NOLOGO opencv_core246.lib opencv_highgui246.lib opencv_imgproc246d.lib kernel32.lib user32.lib gdi32.lib winspool.lib comdlg32.lib advapi32.lib shell32.lib ole32.lib oleaut32.lib uuid.lib odbc32.lib odbccp32.lib /MANIFEST /MANIFESTUAC:"level='asInvoker' uiAccess='false'" /manifest:embed /DEBUG /PDB:"D:\course\Machine Learning\FP\ddd\ML_final_ddd\Release\ML_final.pdb" /SUBSYSTEM:CONSOLE /OPT:REF /OPT:ICF /LTCG /TLBID:1 /DYNAMICBASE /NXCOMPAT /IMPLIB:"D:\course\Machine Learning\FP\ddd\ML_final_ddd\Release\ML_final.lib" /MACHINE:X86 /SAFESEH Release\feature.obj
         Release\lbp.obj
         Release\Source.obj
         Release\tool.obj
         Release\yokoi.obj
         Generating code
         Finished generating code
         ML_final.vcxproj -> D:\course\Machine Learning\FP\ddd\ML_final_ddd\Release\ML_final.exe
     1>Done Building Project "D:\course\Machine Learning\FP\ddd\ML_final_ddd\ML_final\ML_final.vcxproj" (Build target(s)).

Build succeeded.

Time Elapsed 00:00:04.05
